# JRE version: OpenJDK Runtime Environment (11.0.13) (build 11.0.13+0-b1751.21-8125866)
# Java VM: OpenJDK 64-Bit Server VM (11.0.13+0-b1751.21-8125866, mixed mode, tiered, compressed oops, g1 gc, windows-amd64)
Heap:
 garbage-first heap   total 393216K, used 148957K [0x0000000080000000, 0x0000000100000000)
  region size 1024K, 85 young (87040K), 25 survivors (25600K)
 Metaspace       used 93278K, capacity 95935K, committed 96136K, reserved 1132544K
  class space    used 11923K, capacity 12926K, committed 12928K, reserved 1048576K
GC Heap History (20 events):
Event: 0.891 GC heap before
{Heap before GC invocations=0 (full 0):
 garbage-first heap   total 393216K, used 29696K [0x0000000080000000, 0x0000000100000000)
  region size 1024K, 24 young (24576K), 0 survivors (0K)
 Metaspace       used 10131K, capacity 10339K, committed 10624K, reserved 1058816K
  class space    used 1038K, capacity 1106K, committed 1152K, reserved 1048576K
}
Event: 0.896 GC heap after
{Heap after GC invocations=1 (full 0):
 garbage-first heap   total 393216K, used 9325K [0x0000000080000000, 0x0000000100000000)
  region size 1024K, 3 young (3072K), 3 survivors (3072K)
 Metaspace       used 10131K, capacity 10339K, committed 10624K, reserved 1058816K
  class space    used 1038K, capacity 1106K, committed 1152K, reserved 1048576K
}
Event: 3.187 GC heap before
{Heap before GC invocations=1 (full 0):
 garbage-first heap   total 393216K, used 113773K [0x0000000080000000, 0x0000000100000000)
  region size 1024K, 106 young (108544K), 3 survivors (3072K)
 Metaspace       used 20791K, capacity 21193K, committed 21296K, reserved 1069056K
  class space    used 2530K, capacity 2684K, committed 2688K, reserved 1048576K
}
Event: 3.195 GC heap after
{Heap after GC invocations=2 (full 0):
 garbage-first heap   total 393216K, used 17140K [0x0000000080000000, 0x0000000100000000)
  region size 1024K, 11 young (11264K), 11 survivors (11264K)
 Metaspace       used 20791K, capacity 21193K, committed 21296K, reserved 1069056K
  class space    used 2530K, capacity 2684K, committed 2688K, reserved 1048576K
}
Event: 3.615 GC heap before
{Heap before GC invocations=3 (full 0):
 garbage-first heap   total 393216K, used 51956K [0x0000000080000000, 0x0000000100000000)
  region size 1024K, 45 young (46080K), 11 survivors (11264K)
 Metaspace       used 24139K, capacity 24679K, committed 24752K, reserved 1071104K
  class space    used 3061K, capacity 3255K, committed 3328K, reserved 1048576K
}
Event: 3.621 GC heap after
{Heap after GC invocations=4 (full 0):
 garbage-first heap   total 393216K, used 18347K [0x0000000080000000, 0x0000000100000000)
  region size 1024K, 2 young (2048K), 2 survivors (2048K)
 Metaspace       used 24139K, capacity 24679K, committed 24752K, reserved 1071104K
  class space    used 3061K, capacity 3255K, committed 3328K, reserved 1048576K
}
Event: 5.077 GC heap before
{Heap before GC invocations=4 (full 0):
 garbage-first heap   total 393216K, used 100267K [0x0000000080000000, 0x0000000100000000)
  region size 1024K, 83 young (84992K), 2 survivors (2048K)
 Metaspace       used 35057K, capacity 35763K, committed 35920K, reserved 1081344K
  class space    used 4493K, capacity 4788K, committed 4864K, reserved 1048576K
}
Event: 5.086 GC heap after
{Heap after GC invocations=5 (full 0):
 garbage-first heap   total 393216K, used 22352K [0x0000000080000000, 0x0000000100000000)
  region size 1024K, 6 young (6144K), 6 survivors (6144K)
 Metaspace       used 35057K, capacity 35763K, committed 35920K, reserved 1081344K
  class space    used 4493K, capacity 4788K, committed 4864K, reserved 1048576K
}
Event: 6.676 GC heap before
{Heap before GC invocations=6 (full 0):
 garbage-first heap   total 393216K, used 140112K [0x0000000080000000, 0x0000000100000000)
  region size 1024K, 118 young (120832K), 6 survivors (6144K)
 Metaspace       used 44826K, capacity 45855K, committed 46160K, reserved 1089536K
  class space    used 5665K, capacity 6069K, committed 6144K, reserved 1048576K
}
Event: 6.689 GC heap after
{Heap after GC invocations=7 (full 0):
 garbage-first heap   total 393216K, used 29524K [0x0000000080000000, 0x0000000100000000)
  region size 1024K, 13 young (13312K), 13 survivors (13312K)
 Metaspace       used 44826K, capacity 45855K, committed 46160K, reserved 1089536K
  class space    used 5665K, capacity 6069K, committed 6144K, reserved 1048576K
}
Event: 9.081 GC heap before
{Heap before GC invocations=7 (full 0):
 garbage-first heap   total 393216K, used 194388K [0x0000000080000000, 0x0000000100000000)
  region size 1024K, 170 young (174080K), 13 survivors (13312K)
 Metaspace       used 57075K, capacity 58487K, committed 58576K, reserved 1099776K
  class space    used 7202K, capacity 7749K, committed 7808K, reserved 1048576K
}
Event: 9.093 GC heap after
{Heap after GC invocations=8 (full 0):
 garbage-first heap   total 393216K, used 43390K [0x0000000080000000, 0x0000000100000000)
  region size 1024K, 21 young (21504K), 21 survivors (21504K)
 Metaspace       used 57075K, capacity 58487K, committed 58576K, reserved 1099776K
  class space    used 7202K, capacity 7749K, committed 7808K, reserved 1048576K
}
Event: 9.298 GC heap before
{Heap before GC invocations=8 (full 0):
 garbage-first heap   total 393216K, used 52606K [0x0000000080000000, 0x0000000100000000)
  region size 1024K, 31 young (31744K), 21 survivors (21504K)
 Metaspace       used 58764K, capacity 60157K, committed 60296K, reserved 1101824K
  class space    used 7431K, capacity 7965K, committed 8064K, reserved 1048576K
}
Event: 9.324 GC heap after
{Heap after GC invocations=9 (full 0):
 garbage-first heap   total 393216K, used 44671K [0x0000000080000000, 0x0000000100000000)
  region size 1024K, 12 young (12288K), 12 survivors (12288K)
 Metaspace       used 58764K, capacity 60157K, committed 60296K, reserved 1101824K
  class space    used 7431K, capacity 7965K, committed 8064K, reserved 1048576K
}
Event: 12.365 GC heap before
{Heap before GC invocations=10 (full 0):
 garbage-first heap   total 393216K, used 259711K [0x0000000080000000, 0x0000000100000000)
  region size 1024K, 215 young (220160K), 12 survivors (12288K)
 Metaspace       used 74028K, capacity 75719K, committed 75912K, reserved 1116160K
  class space    used 9594K, capacity 10249K, committed 10368K, reserved 1048576K
}
Event: 12.382 GC heap after
{Heap after GC invocations=11 (full 0):
 garbage-first heap   total 393216K, used 57946K [0x0000000080000000, 0x0000000100000000)
  region size 1024K, 25 young (25600K), 25 survivors (25600K)
 Metaspace       used 74028K, capacity 75719K, committed 75912K, reserved 1116160K
  class space    used 9594K, capacity 10249K, committed 10368K, reserved 1048576K
}
Event: 17.314 GC heap before
{Heap before GC invocations=11 (full 0):
 garbage-first heap   total 393216K, used 265818K [0x0000000080000000, 0x0000000100000000)
  region size 1024K, 229 young (234496K), 25 survivors (25600K)
 Metaspace       used 83155K, capacity 85374K, committed 85512K, reserved 1124352K
  class space    used 10846K, capacity 11727K, committed 11776K, reserved 1048576K
}
Event: 17.339 GC heap after
{Heap after GC invocations=12 (full 0):
 garbage-first heap   total 393216K, used 71860K [0x0000000080000000, 0x0000000100000000)
  region size 1024K, 29 young (29696K), 29 survivors (29696K)
 Metaspace       used 83155K, capacity 85374K, committed 85512K, reserved 1124352K
  class space    used 10846K, capacity 11727K, committed 11776K, reserved 1048576K
}
Event: 542.685 GC heap before
{Heap before GC invocations=12 (full 0):
 garbage-first heap   total 393216K, used 276660K [0x0000000080000000, 0x0000000100000000)
  region size 1024K, 230 young (235520K), 29 survivors (29696K)
 Metaspace       used 90238K, capacity 92647K, committed 92936K, reserved 1130496K
  class space    used 11542K, capacity 12494K, committed 12544K, reserved 1048576K
}
Event: 542.709 GC heap after
{Heap after GC invocations=13 (full 0):
 garbage-first heap   total 393216K, used 82397K [0x0000000080000000, 0x0000000100000000)
  region size 1024K, 25 young (25600K), 25 survivors (25600K)
 Metaspace       used 90238K, capacity 92647K, committed 92936K, reserved 1130496K
  class space    used 11542K, capacity 12494K, committed 12544K, reserved 1048576K
}

